<?xml version="1.0" encoding="UTF-8"?>
<!-- Generated by org.testng.reporters.JUnitXMLReporter -->
<testsuite ignored="1" hostname="AnujKumar-PC" failures="0" tests="1" name="Default test" time="25.538" errors="0" timestamp="21 May 2018 15:04:24 GMT">
  <testcase classname="auto.testcases.TestDynamicLoadings" name="testDynamicLoadingsRender" time="12.022"/>
  <testcase classname="auto.testcases.TestDynamicLoadings" name="testDynamicLoadingsHidden" time="0.0">
    <ignored/>
  </testcase> <!-- testDynamicLoadingsHidden -->
</testsuite> <!-- Default test -->
