<?xml version="1.0" encoding="UTF-8"?>
<testng-results ignored="0" total="1" passed="1" failed="0" skipped="0">
  <reporter-output>
  </reporter-output>
  <suite started-at="2018-05-29T14:53:12Z" name="Default suite" finished-at="2018-05-29T14:53:35Z" duration-ms="23494">
    <groups>
    </groups>
    <test started-at="2018-05-29T14:53:12Z" name="Default test" finished-at="2018-05-29T14:53:35Z" duration-ms="23494">
      <class name="auto.testcases.TestInfiniteScroll">
        <test-method is-config="true" signature="setUp()[pri:0, instance:auto.testcases.TestInfiniteScroll@6ab778a]" started-at="2018-05-29T20:23:12Z" name="setUp" finished-at="2018-05-29T20:23:23Z" duration-ms="10983" status="PASS">
          <reporter-output>
          </reporter-output>
        </test-method> <!-- setUp -->
        <test-method signature="testFrame()[pri:0, instance:auto.testcases.TestInfiniteScroll@6ab778a]" started-at="2018-05-29T20:23:23Z" name="testFrame" finished-at="2018-05-29T20:23:35Z" duration-ms="11885" status="PASS">
          <reporter-output>
          </reporter-output>
        </test-method> <!-- testFrame -->
        <test-method is-config="true" signature="teardown()[pri:0, instance:auto.testcases.TestInfiniteScroll@6ab778a]" started-at="2018-05-29T20:23:35Z" name="teardown" finished-at="2018-05-29T20:23:35Z" duration-ms="602" status="PASS">
          <reporter-output>
          </reporter-output>
        </test-method> <!-- teardown -->
      </class> <!-- auto.testcases.TestInfiniteScroll -->
    </test> <!-- Default test -->
  </suite> <!-- Default suite -->
</testng-results>
