<?xml version="1.0" encoding="UTF-8"?>
<testng-results ignored="1" total="2" passed="1" failed="0" skipped="0">
  <reporter-output>
  </reporter-output>
  <suite started-at="2018-05-21T15:03:58Z" name="Default suite" finished-at="2018-05-21T15:04:24Z" duration-ms="25538">
    <groups>
    </groups>
    <test started-at="2018-05-21T15:03:58Z" name="Default test" finished-at="2018-05-21T15:04:24Z" duration-ms="25538">
      <class name="auto.testcases.TestDynamicLoadings">
        <test-method is-config="true" signature="setUp()[pri:0, instance:auto.testcases.TestDynamicLoadings@291b4bf5]" started-at="2018-05-21T20:33:58Z" name="setUp" finished-at="2018-05-21T20:34:11Z" duration-ms="12938" status="PASS">
          <reporter-output>
          </reporter-output>
        </test-method> <!-- setUp -->
        <test-method signature="testDynamicLoadingsRender()[pri:0, instance:auto.testcases.TestDynamicLoadings@291b4bf5]" started-at="2018-05-21T20:34:11Z" name="testDynamicLoadingsRender" finished-at="2018-05-21T20:34:23Z" duration-ms="12022" status="PASS">
          <reporter-output>
          </reporter-output>
        </test-method> <!-- testDynamicLoadingsRender -->
        <test-method is-config="true" signature="teardown()[pri:0, instance:auto.testcases.TestDynamicLoadings@291b4bf5]" started-at="2018-05-21T20:34:23Z" name="teardown" finished-at="2018-05-21T20:34:24Z" duration-ms="562" status="PASS">
          <reporter-output>
          </reporter-output>
        </test-method> <!-- teardown -->
      </class> <!-- auto.testcases.TestDynamicLoadings -->
    </test> <!-- Default test -->
  </suite> <!-- Default suite -->
</testng-results>
